 ⨯ [Error: ENOENT: no such file or directory, open 'C:\Users\patil\OneDrive\Documents\stockvision\apps\web\.next\routes-manifest.json'] {
  errno: -4058,
  code: 'ENOENT',
  syscall: 'open',
  path: 'C:\\Users\\patil\\OneDrive\\Documents\\stockvision\\apps\\web\\.next\\routes-manifest.json',
  page: '/'
}
 ⨯ [Error: ENOENT: no such file or directory, open 'C:\Users\patil\OneDrive\Documents\stockvision\apps\web\.next\routes-manifest.json'] {
  errno: -4058,
  code: 'ENOENT',
  syscall: 'open',
  path: 'C:\\Users\\patil\\OneDrive\\Documents\\stockvision\\apps\\web\\.next\\routes-manifest.json',
  page: '/stocks/RELIANCE'
}
 ⨯ Failed to generate static paths for /stocks/[ticker]:
[Error: Cannot find module './vendor-chunks/next.js'
Require stack:
- C:\Users\patil\OneDrive\Documents\stockvision\apps\web\.next\server\webpack-runtime.js
- C:\Users\patil\OneDrive\Documents\stockvision\apps\web\.next\server\app\(dashboard)\stocks\[ticker]\page.js
- C:\Users\patil\OneDrive\Documents\stockvision\node_modules\next\dist\server\require.js
- C:\Users\patil\OneDrive\Documents\stockvision\node_modules\next\dist\server\load-components.js
- C:\Users\patil\OneDrive\Documents\stockvision\node_modules\next\dist\build\utils.js
- C:\Users\patil\OneDrive\Documents\stockvision\node_modules\next\dist\server\dev\static-paths-worker.js
- C:\Users\patil\OneDrive\Documents\stockvision\node_modules\next\dist\compiled\jest-worker\processChild.js] {
  type: 'Error',
  code: 'MODULE_NOT_FOUND',
  requireStack: [Array]
}
 ⨯ [Error: ENOENT: no such file or directory, open 'C:\Users\patil\OneDrive\Documents\stockvision\apps\web\.next\routes-manifest.json'] {
  errno: -4058,
  code: 'ENOENT',
  syscall: 'open',
  path: 'C:\\Users\\patil\\OneDrive\\Documents\\stockvision\\apps\\web\\.next\\routes-manifest.json'
}
 ⨯ [Error: ENOENT: no such file or directory, open 'C:\Users\patil\OneDrive\Documents\stockvision\apps\web\.next\routes-manifest.json'] {
  errno: -4058,
  code: 'ENOENT',
  syscall: 'open',
  path: 'C:\\Users\\patil\\OneDrive\\Documents\\stockvision\\apps\\web\\.next\\routes-manifest.json'
}
[Error: ENOENT: no such file or directory, open 'C:\Users\patil\OneDrive\Documents\stockvision\apps\web\.next\routes-manifest.json'] {
  errno: -4058,
  code: 'ENOENT',
  syscall: 'open',
  path: 'C:\\Users\\patil\\OneDrive\\Documents\\stockvision\\apps\\web\\.next\\routes-manifest.json',
  page: '/stocks/RELIANCE'
}
[Error: ENOENT: no such file or directory, open 'C:\Users\patil\OneDrive\Documents\stockvision\apps\web\.next\routes-manifest.json'] {
  errno: -4058,
  code: 'ENOENT',
  syscall: 'open',
  path: 'C:\\Users\\patil\\OneDrive\\Documents\\stockvision\\apps\\web\\.next\\routes-manifest.json',
  page: '/'
}
 ⨯ [Error: ENOENT: no such file or directory, open 'C:\Users\patil\OneDrive\Documents\stockvision\apps\web\.next\server\pages-manifest.json'] {
  errno: -4058,
  code: 'ENOENT',
  syscall: 'open',
  path: 'C:\\Users\\patil\\OneDrive\\Documents\\stockvision\\apps\\web\\.next\\server\\pages-manifest.json'
}
 ⨯ [Error: ENOENT: no such file or directory, open 'C:\Users\patil\OneDrive\Documents\stockvision\apps\web\.next\server\pages-manifest.json'] {
  errno: -4058,
  code: 'ENOENT',
  syscall: 'open',
  path: 'C:\\Users\\patil\\OneDrive\\Documents\\stockvision\\apps\\web\\.next\\server\\pages-manifest.json'
}
[Error: ENOENT: no such file or directory, open 'C:\Users\patil\OneDrive\Documents\stockvision\apps\web\.next\fallback-build-manifest.json'] {
  errno: -4058,
  code: 'ENOENT',
  syscall: 'open',
  path: 'C:\\Users\\patil\\OneDrive\\Documents\\stockvision\\apps\\web\\.next\\fallback-build-manifest.json'
}
[Error: ENOENT: no such file or directory, open 'C:\Users\patil\OneDrive\Documents\stockvision\apps\web\.next\fallback-build-manifest.json'] {
  errno: -4058,
  code: 'ENOENT',
  syscall: 'open',
  path: 'C:\\Users\\patil\\OneDrive\\Documents\\stockvision\\apps\\web\\.next\\fallback-build-manifest.json'
}
 ⨯ [Error: ENOENT: no such file or directory, open 'C:\Users\patil\OneDrive\Documents\stockvision\apps\web\.next\routes-manifest.json'] {
  errno: -4058,
  code: 'ENOENT',
  syscall: 'open',
  path: 'C:\\Users\\patil\\OneDrive\\Documents\\stockvision\\apps\\web\\.next\\routes-manifest.json'
}
 ⨯ [Error: ENOENT: no such file or directory, open 'C:\Users\patil\OneDrive\Documents\stockvision\apps\web\.next\fallback-build-manifest.json'] {
  errno: -4058,
  code: 'ENOENT',
  syscall: 'open',
  path: 'C:\\Users\\patil\\OneDrive\\Documents\\stockvision\\apps\\web\\.next\\fallback-build-manifest.json'
}
 ⨯ [Error: ENOENT: no such file or directory, open 'C:\Users\patil\OneDrive\Documents\stockvision\apps\web\.next\server\pages\_document.js'] {
  errno: -4058,
  code: 'ENOENT',
  syscall: 'open',
  path: 'C:\\Users\\patil\\OneDrive\\Documents\\stockvision\\apps\\web\\.next\\server\\pages\\_document.js'
}
[Error: ENOENT: no such file or directory, open 'C:\Users\patil\OneDrive\Documents\stockvision\apps\web\.next\fallback-build-manifest.json'] {
  errno: -4058,
  code: 'ENOENT',
  syscall: 'open',
  path: 'C:\\Users\\patil\\OneDrive\\Documents\\stockvision\\apps\\web\\.next\\fallback-build-manifest.json'
}
 ⨯ [Error: ENOENT: no such file or directory, open 'C:\Users\patil\OneDrive\Documents\stockvision\apps\web\.next\server\pages\_document.js'] {
  errno: -4058,
  code: 'ENOENT',
  syscall: 'open',
  path: 'C:\\Users\\patil\\OneDrive\\Documents\\stockvision\\apps\\web\\.next\\server\\pages\\_document.js'
}
[Error: ENOENT: no such file or directory, open 'C:\Users\patil\OneDrive\Documents\stockvision\apps\web\.next\fallback-build-manifest.json'] {
  errno: -4058,
  code: 'ENOENT',
  syscall: 'open',
  path: 'C:\\Users\\patil\\OneDrive\\Documents\\stockvision\\apps\\web\\.next\\fallback-build-manifest.json'
}
 ⨯ [Error: Cannot find module './vendor-chunks/next.js'
Require stack:
- C:\Users\patil\OneDrive\Documents\stockvision\apps\web\.next\server\webpack-runtime.js
- C:\Users\patil\OneDrive\Documents\stockvision\apps\web\.next\server\app\(dashboard)\stocks\[ticker]\page.js
- C:\Users\patil\OneDrive\Documents\stockvision\node_modules\next\dist\server\require.js
- C:\Users\patil\OneDrive\Documents\stockvision\node_modules\next\dist\server\load-components.js
- C:\Users\patil\OneDrive\Documents\stockvision\node_modules\next\dist\build\utils.js
- C:\Users\patil\OneDrive\Documents\stockvision\node_modules\next\dist\server\dev\static-paths-worker.js
- C:\Users\patil\OneDrive\Documents\stockvision\node_modules\next\dist\compiled\jest-worker\processChild.js] {
  type: 'Error',
  code: 'MODULE_NOT_FOUND',
  requireStack: [Array],
  page: '/stocks/RELIANCE'
}
 ⨯ [Error: ENOENT: no such file or directory, open 'C:\Users\patil\OneDrive\Documents\stockvision\apps\web\.next\server\pages\_document.js'] {
  errno: -4058,
  code: 'ENOENT',
  syscall: 'open',
  path: 'C:\\Users\\patil\\OneDrive\\Documents\\stockvision\\apps\\web\\.next\\server\\pages\\_document.js'
}
[Error: Cannot find module './vendor-chunks/next.js'
Require stack:
- C:\Users\patil\OneDrive\Documents\stockvision\apps\web\.next\server\webpack-runtime.js
- C:\Users\patil\OneDrive\Documents\stockvision\apps\web\.next\server\app\(dashboard)\stocks\[ticker]\page.js
- C:\Users\patil\OneDrive\Documents\stockvision\node_modules\next\dist\server\require.js
- C:\Users\patil\OneDrive\Documents\stockvision\node_modules\next\dist\server\load-components.js
- C:\Users\patil\OneDrive\Documents\stockvision\node_modules\next\dist\build\utils.js
- C:\Users\patil\OneDrive\Documents\stockvision\node_modules\next\dist\server\dev\static-paths-worker.js
- C:\Users\patil\OneDrive\Documents\stockvision\node_modules\next\dist\compiled\jest-worker\processChild.js] {
  type: 'Error',
  code: 'MODULE_NOT_FOUND',
  requireStack: [Array],
  page: '/stocks/RELIANCE'
}
 ⨯ [Error: ENOENT: no such file or directory, open 'C:\Users\patil\OneDrive\Documents\stockvision\apps\web\.next\server\pages\_document.js'] {
  errno: -4058,
  code: 'ENOENT',
  syscall: 'open',
  path: 'C:\\Users\\patil\\OneDrive\\Documents\\stockvision\\apps\\web\\.next\\server\\pages\\_document.js'
}
[Error: ENOENT: no such file or directory, open 'C:\Users\patil\OneDrive\Documents\stockvision\apps\web\.next\fallback-build-manifest.json'] {
  errno: -4058,
  code: 'ENOENT',
  syscall: 'open',
  path: 'C:\\Users\\patil\\OneDrive\\Documents\\stockvision\\apps\\web\\.next\\fallback-build-manifest.json'
}
<w> [webpack.cache.PackFileCacheStrategy] Caching failed for pack: Error: ENOENT: no such file or directory, rename 'C:\Users\patil\OneDrive\Documents\stockvision\apps\web\.next\cache\webpack\client-development-fallback\0.pack.gz_' -> 'C:\Users\patil\OneDrive\Documents\stockvision\apps\web\.next\cache\webpack\client-development-fallback\0.pack.gz'
 ⨯ [Error: Cannot find module './vendor-chunks/next.js'
Require stack:
- C:\Users\patil\OneDrive\Documents\stockvision\apps\web\.next\server\webpack-runtime.js
- C:\Users\patil\OneDrive\Documents\stockvision\apps\web\.next\server\app\(dashboard)\stocks\[ticker]\page.js
- C:\Users\patil\OneDrive\Documents\stockvision\node_modules\next\dist\server\require.js
- C:\Users\patil\OneDrive\Documents\stockvision\node_modules\next\dist\server\load-components.js
- C:\Users\patil\OneDrive\Documents\stockvision\node_modules\next\dist\build\utils.js
- C:\Users\patil\OneDrive\Documents\stockvision\node_modules\next\dist\server\dev\static-paths-worker.js
- C:\Users\patil\OneDrive\Documents\stockvision\node_modules\next\dist\compiled\jest-worker\processChild.js] {
  type: 'Error',
  code: 'MODULE_NOT_FOUND',
  requireStack: [Array],
  page: '/stocks/RELIANCE'
}
 ⨯ [Error: ENOENT: no such file or directory, open 'C:\Users\patil\OneDrive\Documents\stockvision\apps\web\.next\server\pages\_document.js'] {
  errno: -4058,
  code: 'ENOENT',
  syscall: 'open',
  path: 'C:\\Users\\patil\\OneDrive\\Documents\\stockvision\\apps\\web\\.next\\server\\pages\\_document.js'
}
[Error: Cannot find module './vendor-chunks/next.js'
Require stack:
- C:\Users\patil\OneDrive\Documents\stockvision\apps\web\.next\server\webpack-runtime.js
- C:\Users\patil\OneDrive\Documents\stockvision\apps\web\.next\server\app\(dashboard)\stocks\[ticker]\page.js
- C:\Users\patil\OneDrive\Documents\stockvision\node_modules\next\dist\server\require.js
- C:\Users\patil\OneDrive\Documents\stockvision\node_modules\next\dist\server\load-components.js
- C:\Users\patil\OneDrive\Documents\stockvision\node_modules\next\dist\build\utils.js
- C:\Users\patil\OneDrive\Documents\stockvision\node_modules\next\dist\server\dev\static-paths-worker.js
- C:\Users\patil\OneDrive\Documents\stockvision\node_modules\next\dist\compiled\jest-worker\processChild.js] {
  type: 'Error',
  code: 'MODULE_NOT_FOUND',
  requireStack: [Array],
  page: '/stocks/RELIANCE'
}
 ⨯ [Error: ENOENT: no such file or directory, open 'C:\Users\patil\OneDrive\Documents\stockvision\apps\web\.next\server\pages\_document.js'] {
  errno: -4058,
  code: 'ENOENT',
  syscall: 'open',
  path: 'C:\\Users\\patil\\OneDrive\\Documents\\stockvision\\apps\\web\\.next\\server\\pages\\_document.js'
}
[Error: ENOENT: no such file or directory, open 'C:\Users\patil\OneDrive\Documents\stockvision\apps\web\.next\fallback-build-manifest.json'] {
  errno: -4058,
  code: 'ENOENT',
  syscall: 'open',
  path: 'C:\\Users\\patil\\OneDrive\\Documents\\stockvision\\apps\\web\\.next\\fallback-build-manifest.json'
}
 ⨯ [Error: ENOENT: no such file or directory, open 'C:\Users\patil\OneDrive\Documents\stockvision\apps\web\.next\routes-manifest.json'] {
  errno: -4058,
  code: 'ENOENT',
  syscall: 'open',
  path: 'C:\\Users\\patil\\OneDrive\\Documents\\stockvision\\apps\\web\\.next\\routes-manifest.json',
  page: '/'
}
 ⨯ [Error: ENOENT: no such file or directory, open 'C:\Users\patil\OneDrive\Documents\stockvision\apps\web\.next\server\pages\_document.js'] {
  errno: -4058,
  code: 'ENOENT',
  syscall: 'open',
  path: 'C:\\Users\\patil\\OneDrive\\Documents\\stockvision\\apps\\web\\.next\\server\\pages\\_document.js'
}
[Error: ENOENT: no such file or directory, open 'C:\Users\patil\OneDrive\Documents\stockvision\apps\web\.next\routes-manifest.json'] {
  errno: -4058,
  code: 'ENOENT',
  syscall: 'open',
  path: 'C:\\Users\\patil\\OneDrive\\Documents\\stockvision\\apps\\web\\.next\\routes-manifest.json',
  page: '/'
}
 ⨯ [Error: ENOENT: no such file or directory, open 'C:\Users\patil\OneDrive\Documents\stockvision\apps\web\.next\server\pages\_document.js'] {
  errno: -4058,
  code: 'ENOENT',
  syscall: 'open',
  path: 'C:\\Users\\patil\\OneDrive\\Documents\\stockvision\\apps\\web\\.next\\server\\pages\\_document.js'
}
[Error: ENOENT: no such file or directory, open 'C:\Users\patil\OneDrive\Documents\stockvision\apps\web\.next\fallback-build-manifest.json'] {
  errno: -4058,
  code: 'ENOENT',
  syscall: 'open',
  path: 'C:\\Users\\patil\\OneDrive\\Documents\\stockvision\\apps\\web\\.next\\fallback-build-manifest.json'
}
 ⨯ [Error: ENOENT: no such file or directory, open 'C:\Users\patil\OneDrive\Documents\stockvision\apps\web\.next\routes-manifest.json'] {
  errno: -4058,
  code: 'ENOENT',
  syscall: 'open',
  path: 'C:\\Users\\patil\\OneDrive\\Documents\\stockvision\\apps\\web\\.next\\routes-manifest.json',
  page: '/'
}
 ⨯ [Error: ENOENT: no such file or directory, open 'C:\Users\patil\OneDrive\Documents\stockvision\apps\web\.next\server\pages\_document.js'] {
  errno: -4058,
  code: 'ENOENT',
  syscall: 'open',
  path: 'C:\\Users\\patil\\OneDrive\\Documents\\stockvision\\apps\\web\\.next\\server\\pages\\_document.js'
}
[Error: ENOENT: no such file or directory, open 'C:\Users\patil\OneDrive\Documents\stockvision\apps\web\.next\routes-manifest.json'] {
  errno: -4058,
  code: 'ENOENT',
  syscall: 'open',
  path: 'C:\\Users\\patil\\OneDrive\\Documents\\stockvision\\apps\\web\\.next\\routes-manifest.json',
  page: '/'
}
 ⨯ [Error: ENOENT: no such file or directory, open 'C:\Users\patil\OneDrive\Documents\stockvision\apps\web\.next\server\pages\_document.js'] {
  errno: -4058,
  code: 'ENOENT',
  syscall: 'open',
  path: 'C:\\Users\\patil\\OneDrive\\Documents\\stockvision\\apps\\web\\.next\\server\\pages\\_document.js'
}
[Error: ENOENT: no such file or directory, open 'C:\Users\patil\OneDrive\Documents\stockvision\apps\web\.next\fallback-build-manifest.json'] {
  errno: -4058,
  code: 'ENOENT',
  syscall: 'open',
  path: 'C:\\Users\\patil\\OneDrive\\Documents\\stockvision\\apps\\web\\.next\\fallback-build-manifest.json'
}
 ⨯ [Error: ENOENT: no such file or directory, open 'C:\Users\patil\OneDrive\Documents\stockvision\apps\web\.next\server\app-paths-manifest.json'] {
  errno: -4058,
  code: 'ENOENT',
  syscall: 'open',
  path: 'C:\\Users\\patil\\OneDrive\\Documents\\stockvision\\apps\\web\\.next\\server\\app-paths-manifest.json',
  page: '/'
}
 ⨯ [Error: ENOENT: no such file or directory, open 'C:\Users\patil\OneDrive\Documents\stockvision\apps\web\.next\server\pages-manifest.json'] {
  errno: -4058,
  code: 'ENOENT',
  syscall: 'open',
  path: 'C:\\Users\\patil\\OneDrive\\Documents\\stockvision\\apps\\web\\.next\\server\\pages-manifest.json'
}
[Error: ENOENT: no such file or directory, open 'C:\Users\patil\OneDrive\Documents\stockvision\apps\web\.next\server\app-paths-manifest.json'] {
  errno: -4058,
  code: 'ENOENT',
  syscall: 'open',
  path: 'C:\\Users\\patil\\OneDrive\\Documents\\stockvision\\apps\\web\\.next\\server\\app-paths-manifest.json',
  page: '/'
}
 ⨯ [Error: ENOENT: no such file or directory, open 'C:\Users\patil\OneDrive\Documents\stockvision\apps\web\.next\server\pages-manifest.json'] {
  errno: -4058,
  code: 'ENOENT',
  syscall: 'open',
  path: 'C:\\Users\\patil\\OneDrive\\Documents\\stockvision\\apps\\web\\.next\\server\\pages-manifest.json'
}
[Error: ENOENT: no such file or directory, open 'C:\Users\patil\OneDrive\Documents\stockvision\apps\web\.next\fallback-build-manifest.json'] {
  errno: -4058,
  code: 'ENOENT',
  syscall: 'open',
  path: 'C:\\Users\\patil\\OneDrive\\Documents\\stockvision\\apps\\web\\.next\\fallback-build-manifest.json'
}
